<?xml version="1.0" encoding="utf-8"?><testsuites name="pytest tests"><testsuite name="pytest" errors="0" failures="2" skipped="0" tests="22" time="14.507" timestamp="2026-06-08T09:55:55.408870+00:00" hostname="agent-env-322607e6-2b4e-4aaf-b08a-b78ce125b961"><testcase classname="backend.tests.test_coupons_iter6.TestAdminCouponCRUD" name="test_create_requires_admin_auth" time="0.236" /><testcase classname="backend.tests.test_coupons_iter6.TestAdminCouponCRUD" name="test_create_invalid_kind" time="0.462" /><testcase classname="backend.tests.test_coupons_iter6.TestAdminCouponCRUD" name="test_create_value_zero_invalid" time="0.113" /><testcase classname="backend.tests.test_coupons_iter6.TestAdminCouponCRUD" name="test_create_percent_over_100_invalid" time="0.104" /><testcase classname="backend.tests.test_coupons_iter6.TestAdminCouponCRUD" name="test_create_and_list" time="0.314" /><testcase classname="backend.tests.test_coupons_iter6.TestAdminCouponCRUD" name="test_create_duplicate_code_400" time="0.304" /><testcase classname="backend.tests.test_coupons_iter6.TestAdminCouponCRUD" name="test_patch_updates_fields" time="0.304" /><testcase classname="backend.tests.test_coupons_iter6.TestAdminCouponCRUD" name="test_delete_removes" time="0.359" /><testcase classname="backend.tests.test_coupons_iter6.TestCouponValidate" name="test_requires_auth" time="0.103" /><testcase classname="backend.tests.test_coupons_iter6.TestCouponValidate" name="test_percent_coupon" time="0.469" /><testcase classname="backend.tests.test_coupons_iter6.TestCouponValidate" name="test_fixed_coupon" time="0.442" /><testcase classname="backend.tests.test_coupons_iter6.TestCouponValidate" name="test_invalid_code" time="0.436" /><testcase classname="backend.tests.test_coupons_iter6.TestCouponValidate" name="test_expired_coupon" time="0.440" /><testcase classname="backend.tests.test_coupons_iter6.TestCouponValidate" name="test_course_restricted" time="0.450" /><testcase classname="backend.tests.test_coupons_iter6.TestCouponValidate" name="test_max_uses_reached" time="1.589"><failure message="AssertionError: {&quot;detail&quot;:&quot;Razorpay error: Authentication failed&quot;}&#10;assert 400 == 200&#10; +  where 400 = &lt;Response [400]&gt;.status_code">backend/tests/test_coupons_iter6.py:250: in test_max_uses_reached
    assert chk.status_code == 200, chk.text
E   AssertionError: {"detail":"Razorpay error: Authentication failed"}
E   assert 400 == 200
E    +  where 400 = &lt;Response [400]&gt;.status_code</failure></testcase><testcase classname="backend.tests.test_coupons_iter6.TestCouponValidate" name="test_inactive_coupon" time="0.810" /><testcase classname="backend.tests.test_coupons_iter6.TestCheckoutWithCoupon" name="test_checkout_applies_percent_coupon" time="1.154"><failure message="AssertionError: {&quot;detail&quot;:&quot;Razorpay error: Authentication failed&quot;}&#10;assert 400 == 200&#10; +  where 400 = &lt;Response [400]&gt;.status_code">backend/tests/test_coupons_iter6.py:305: in test_checkout_applies_percent_coupon
    assert r.status_code == 200, r.text
E   AssertionError: {"detail":"Razorpay error: Authentication failed"}
E   assert 400 == 200
E    +  where 400 = &lt;Response [400]&gt;.status_code</failure></testcase><testcase classname="backend.tests.test_coupons_iter6.TestCheckoutWithCoupon" name="test_checkout_uncouponed_full_price" time="1.252" /><testcase classname="backend.tests.test_coupons_iter6.TestCheckoutWithCoupon" name="test_checkout_invalid_coupon_400" time="0.445" /><testcase classname="backend.tests.test_coupons_iter6.TestVerifyIncrementsUsedCount" name="test_used_count_increments_by_one" time="1.789" /><testcase classname="backend.tests.test_coupons_iter6.TestExistingFlowsStillWork" name="test_signature_mismatch_400" time="1.365" /><testcase classname="backend.tests.test_coupons_iter6.TestExistingFlowsStillWork" name="test_already_enrolled_short_circuits" time="1.442" /></testsuite></testsuites>