<?xml version="1.0" encoding="utf-8"?><testsuites name="pytest tests"><testsuite name="pytest" errors="0" failures="0" skipped="0" tests="8" time="1.540" timestamp="2026-06-04T19:17:38.657135+00:00" hostname="agent-env-dbd7b163-2f3c-4e5d-a86a-8c53d6d53804"><testcase classname="backend.tests.test_bugfixes_iter3.TestSiteAssetsNewFields" name="test_assets_contains_youtube_videos" time="0.236" /><testcase classname="backend.tests.test_bugfixes_iter3.TestSiteAssetsNewFields" name="test_assets_contains_youtube_channel_url" time="0.071" /><testcase classname="backend.tests.test_bugfixes_iter3.TestSiteAssetsNewFields" name="test_assets_still_returns_author_photo_and_hero" time="0.066" /><testcase classname="backend.tests.test_bugfixes_iter3.TestAdminSiteYouTubeUpdate" name="test_patch_youtube_videos_persists" time="0.397" /><testcase classname="backend.tests.test_bugfixes_iter3.TestAdminSiteYouTubeUpdate" name="test_patch_youtube_channel_url" time="0.057" /><testcase classname="backend.tests.test_bugfixes_iter3.TestAdminSiteYouTubeUpdate" name="test_revert_defaults" time="0.060" /><testcase classname="backend.tests.test_bugfixes_iter3.TestAdminSiteRoleEnforcement" name="test_patch_site_without_token" time="0.117" /><testcase classname="backend.tests.test_bugfixes_iter3.TestAdminSiteRoleEnforcement" name="test_patch_site_student_forbidden" time="0.353" /></testsuite></testsuites>