<?xml version="1.0" encoding="utf-8"?><testsuites name="pytest tests"><testsuite name="pytest" errors="0" failures="0" skipped="0" tests="13" time="11.111" timestamp="2026-06-08T10:09:56.935424+00:00" hostname="agent-env-322607e6-2b4e-4aaf-b08a-b78ce125b961"><testcase classname="backend.tests.test_webhook_iter7.TestWebhookSignature" name="test_missing_signature_returns_400" time="0.163" /><testcase classname="backend.tests.test_webhook_iter7.TestWebhookSignature" name="test_invalid_signature_returns_400" time="0.100" /><testcase classname="backend.tests.test_webhook_iter7.TestWebhookHappyPath" name="test_payment_captured_marks_paid" time="1.383" /><testcase classname="backend.tests.test_webhook_iter7.TestWebhookHappyPath" name="test_payment_captured_with_coupon_increments_used_count_once" time="1.401" /><testcase classname="backend.tests.test_webhook_iter7.TestWebhookHappyPath" name="test_replay_is_idempotent" time="0.131" /><testcase classname="backend.tests.test_webhook_iter7.TestVerifyThenWebhookNoop" name="test_verify_first_then_webhook_no_double_increment" time="1.458" /><testcase classname="backend.tests.test_webhook_iter7.TestOrderPaidEvent" name="test_order_paid_event_accepted" time="1.429" /><testcase classname="backend.tests.test_webhook_iter7.TestPaymentFailedEvent" name="test_payment_failed_marks_failed_not_paid" time="1.375" /><testcase classname="backend.tests.test_webhook_iter7.TestUnknownEventAndOrder" name="test_unknown_event_returns_200" time="0.158" /><testcase classname="backend.tests.test_webhook_iter7.TestUnknownEventAndOrder" name="test_unknown_order_id_returns_200" time="0.098" /><testcase classname="backend.tests.test_webhook_iter7.TestVerifyRegression" name="test_verify_rejects_bad_signature" time="1.323" /><testcase classname="backend.tests.test_webhook_iter7.TestVerifyRegression" name="test_verify_accepts_correct_signature" time="1.477" /><testcase classname="backend.tests.test_webhook_iter7.TestVerifyRegression" name="test_coupons_validate_still_works" time="0.453" /></testsuite></testsuites>