<?xml version="1.0" encoding="utf-8"?><testsuites name="pytest tests"><testsuite name="pytest" errors="0" failures="0" skipped="0" tests="11" time="2.908" timestamp="2026-06-09T20:56:43.010085+00:00" hostname="agent-env-322607e6-2b4e-4aaf-b08a-b78ce125b961"><testcase classname="backend.tests.test_cloudinary_iter8.TestCloudinaryStatus" name="test_root_reports_disabled_in_dev" time="0.159" /><testcase classname="backend.tests.test_cloudinary_iter8.TestCloudinaryStatus" name="test_root_never_leaks_secret" time="0.199" /><testcase classname="backend.tests.test_cloudinary_iter8.TestLocalFallback" name="test_upload_requires_auth" time="0.125" /><testcase classname="backend.tests.test_cloudinary_iter8.TestLocalFallback" name="test_upload_forbids_student" time="0.466" /><testcase classname="backend.tests.test_cloudinary_iter8.TestLocalFallback" name="test_upload_rejects_txt" time="0.471" /><testcase classname="backend.tests.test_cloudinary_iter8.TestLocalFallback" name="test_upload_rejects_oversize" time="0.903" /><testcase classname="backend.tests.test_cloudinary_iter8.TestLocalFallback" name="test_upload_local_fallback_succeeds" time="0.238" /><testcase classname="backend.tests.test_cloudinary_iter8.TestLocalFallback" name="test_uploaded_url_persists_in_mongo" time="0.257" /><testcase classname="backend.tests.test_cloudinary_iter8.TestCloudinaryCodeBranch" name="test_server_code_has_correct_cloudinary_block" time="0.000" /><testcase classname="backend.tests.test_cloudinary_iter8.TestCloudinaryCodeBranch" name="test_static_mount_preserved" time="0.000" /><testcase classname="backend.tests.test_cloudinary_iter8.TestCloudinaryCodeBranch" name="test_enabled_flag_logic" time="0.000" /></testsuite></testsuites>