<?xml version="1.0" encoding="utf-8"?><testsuites name="pytest tests"><testsuite name="pytest" errors="0" failures="0" skipped="0" tests="9" time="2.899" timestamp="2026-06-08T08:35:50.786747+00:00" hostname="agent-env-322607e6-2b4e-4aaf-b08a-b78ce125b961"><testcase classname="backend.tests.test_uploads_iter4.TestUpload" name="test_upload_requires_auth" time="0.308" /><testcase classname="backend.tests.test_uploads_iter4.TestUpload" name="test_upload_forbids_student" time="0.483" /><testcase classname="backend.tests.test_uploads_iter4.TestUpload" name="test_upload_rejects_text" time="0.431" /><testcase classname="backend.tests.test_uploads_iter4.TestUpload" name="test_upload_png_and_serves" time="0.247" /><testcase classname="backend.tests.test_uploads_iter4.TestAutoSave" name="test_site_author_photo" time="0.211" /><testcase classname="backend.tests.test_uploads_iter4.TestAutoSave" name="test_book_cover_image" time="0.200" /><testcase classname="backend.tests.test_uploads_iter4.TestAutoSave" name="test_course_thumbnail" time="0.326" /><testcase classname="backend.tests.test_uploads_iter4.TestAutoSave" name="test_blog_image" time="0.334" /><testcase classname="backend.tests.test_uploads_iter4.TestYouTubeVideos" name="test_patch_multiple_formats" time="0.193" /></testsuite></testsuites>