<?xml version="1.0" encoding="utf-8"?><testsuites name="pytest tests"><testsuite name="pytest" errors="0" failures="2" skipped="0" tests="24" time="7.779" timestamp="2026-06-08T09:32:43.628921+00:00" hostname="agent-env-322607e6-2b4e-4aaf-b08a-b78ce125b961"><testcase classname="backend.tests.test_razorpay_iter5.TestRazorpayCheckout" name="test_checkout_unauthenticated_returns_401" time="0.522" /><testcase classname="backend.tests.test_razorpay_iter5.TestRazorpayCheckout" name="test_checkout_creates_real_razorpay_order" time="0.915" /><testcase classname="backend.tests.test_razorpay_iter5.TestRazorpayCheckout" name="test_order_id_recognized_by_razorpay" time="1.108" /><testcase classname="backend.tests.test_razorpay_iter5.TestRazorpayVerify" name="test_forged_signature_returns_400_and_stays_pending" time="1.142" /><testcase classname="backend.tests.test_razorpay_iter5.TestRazorpayVerify" name="test_correct_signature_marks_paid" time="0.217" /><testcase classname="backend.tests.test_razorpay_iter5.TestAlreadyEnrolledAndAccess" name="test_checkout_twice_returns_already_enrolled" time="0.101" /><testcase classname="backend.tests.test_razorpay_iter5.TestAlreadyEnrolledAndAccess" name="test_access_endpoint_returns_course" time="0.104" /><testcase classname="backend.tests.test_uploads_iter4.TestUpload" name="test_upload_requires_auth" time="0.102" /><testcase classname="backend.tests.test_uploads_iter4.TestUpload" name="test_upload_forbids_student" time="0.431" /><testcase classname="backend.tests.test_uploads_iter4.TestUpload" name="test_upload_rejects_text" time="0.448" /><testcase classname="backend.tests.test_uploads_iter4.TestUpload" name="test_upload_png_and_serves" time="0.261" /><testcase classname="backend.tests.test_uploads_iter4.TestAutoSave" name="test_site_author_photo" time="0.224" /><testcase classname="backend.tests.test_uploads_iter4.TestAutoSave" name="test_book_cover_image" time="0.208" /><testcase classname="backend.tests.test_uploads_iter4.TestAutoSave" name="test_course_thumbnail" time="0.312" /><testcase classname="backend.tests.test_uploads_iter4.TestAutoSave" name="test_blog_image" time="0.300" /><testcase classname="backend.tests.test_uploads_iter4.TestYouTubeVideos" name="test_patch_multiple_formats" time="0.222" /><testcase classname="backend.tests.test_bugfixes_iter3.TestSiteAssetsNewFields" name="test_assets_contains_youtube_videos" time="0.104"><failure message="AssertionError: assert 'palette' in {'title': 'Watch URL', 'url': 'https://www.youtube.com/watch?v=dQw4w9WgXcQ'}">E   AssertionError: assert 'palette' in {'title': 'Watch URL', 'url': 'https://www.youtube.com/watch?v=dQw4w9WgXcQ'}</failure></testcase><testcase classname="backend.tests.test_bugfixes_iter3.TestSiteAssetsNewFields" name="test_assets_contains_youtube_channel_url" time="0.047" /><testcase classname="backend.tests.test_bugfixes_iter3.TestSiteAssetsNewFields" name="test_assets_still_returns_author_photo_and_hero" time="0.046"><failure message="AssertionError: assert ('author_photo' in {'author_photo': '/api/uploads/225000c248b0a68526ee.png', 'hero_quote': '', 'youtube_channel_url': 'https://youtube.com/@vishnuraghav', 'youtube_videos': [{'title': 'Watch URL', 'url': 'https://www.youtube.com/watch?v=dQw4w9WgXcQ'}, {'title': 'Shorts URL', 'url': 'https://www.youtube.com/shorts/jNQXAC9IVRw'}, {'title': 'Embed URL', 'url': 'https://www.youtube.com/embed/9bZkp7q19f0'}]} and False)&#10; +  where False = &lt;built-in method startswith of str object at 0xfe09e5dd3270&gt;('http')&#10; +    where &lt;built-in method startswith of str object at 0xfe09e5dd3270&gt; = '/api/uploads/225000c248b0a68526ee.png'.startswith">E   AssertionError: assert ('author_photo' in {'author_photo': '/api/uploads/225000c248b0a68526ee.png', 'hero_quote': '', 'youtube_channel_url': 'https://youtube.com/@vishnuraghav', 'youtube_videos': [{'title': 'Watch URL', 'url': 'https://www.youtube.com/watch?v=dQw4w9WgXcQ'}, {'title': 'Shorts URL', 'url': 'https://www.youtube.com/shorts/jNQXAC9IVRw'}, {'title': 'Embed URL', 'url': 'https://www.youtube.com/embed/9bZkp7q19f0'}]} and False)
     +  where False = &lt;built-in method startswith of str object at 0xfe09e5dd3270&gt;('http')
     +    where &lt;built-in method startswith of str object at 0xfe09e5dd3270&gt; = '/api/uploads/225000c248b0a68526ee.png'.startswith</failure></testcase><testcase classname="backend.tests.test_bugfixes_iter3.TestAdminSiteYouTubeUpdate" name="test_patch_youtube_videos_persists" time="0.369" /><testcase classname="backend.tests.test_bugfixes_iter3.TestAdminSiteYouTubeUpdate" name="test_patch_youtube_channel_url" time="0.048" /><testcase classname="backend.tests.test_bugfixes_iter3.TestAdminSiteYouTubeUpdate" name="test_revert_defaults" time="0.051" /><testcase classname="backend.tests.test_bugfixes_iter3.TestAdminSiteRoleEnforcement" name="test_patch_site_without_token" time="0.101" /><testcase classname="backend.tests.test_bugfixes_iter3.TestAdminSiteRoleEnforcement" name="test_patch_site_student_forbidden" time="0.321" /></testsuite></testsuites>