<?xml version="1.0" encoding="utf-8"?><testsuites name="pytest tests"><testsuite name="pytest" errors="0" failures="17" skipped="1" tests="44" time="26.820" timestamp="2026-06-09T20:57:14.353669+00:00" hostname="agent-env-322607e6-2b4e-4aaf-b08a-b78ce125b961"><testcase classname="backend.tests.test_uploads_iter4.TestUpload" name="test_upload_requires_auth" time="0.159" /><testcase classname="backend.tests.test_uploads_iter4.TestUpload" name="test_upload_forbids_student" time="0.460" /><testcase classname="backend.tests.test_uploads_iter4.TestUpload" name="test_upload_rejects_text" time="0.466" /><testcase classname="backend.tests.test_uploads_iter4.TestUpload" name="test_upload_png_and_serves" time="0.302" /><testcase classname="backend.tests.test_uploads_iter4.TestAutoSave" name="test_site_author_photo" time="0.239" /><testcase classname="backend.tests.test_uploads_iter4.TestAutoSave" name="test_book_cover_image" time="0.242" /><testcase classname="backend.tests.test_uploads_iter4.TestAutoSave" name="test_course_thumbnail" time="0.382" /><testcase classname="backend.tests.test_uploads_iter4.TestAutoSave" name="test_blog_image" time="0.364" /><testcase classname="backend.tests.test_uploads_iter4.TestYouTubeVideos" name="test_patch_multiple_formats" time="0.254" /><testcase classname="backend.tests.test_coupons_iter6.TestAdminCouponCRUD" name="test_create_requires_admin_auth" time="0.133" /><testcase classname="backend.tests.test_coupons_iter6.TestAdminCouponCRUD" name="test_create_invalid_kind" time="0.461" /><testcase classname="backend.tests.test_coupons_iter6.TestAdminCouponCRUD" name="test_create_value_zero_invalid" time="0.112" /><testcase classname="backend.tests.test_coupons_iter6.TestAdminCouponCRUD" name="test_create_percent_over_100_invalid" time="0.126" /><testcase classname="backend.tests.test_coupons_iter6.TestAdminCouponCRUD" name="test_create_and_list" time="0.439" /><testcase classname="backend.tests.test_coupons_iter6.TestAdminCouponCRUD" name="test_create_duplicate_code_400" time="0.335" /><testcase classname="backend.tests.test_coupons_iter6.TestAdminCouponCRUD" name="test_patch_updates_fields" time="0.394" /><testcase classname="backend.tests.test_coupons_iter6.TestAdminCouponCRUD" name="test_delete_removes" time="0.389" /><testcase classname="backend.tests.test_coupons_iter6.TestCouponValidate" name="test_requires_auth" time="0.128" /><testcase classname="backend.tests.test_coupons_iter6.TestCouponValidate" name="test_percent_coupon" time="0.460" /><testcase classname="backend.tests.test_coupons_iter6.TestCouponValidate" name="test_fixed_coupon" time="0.489" /><testcase classname="backend.tests.test_coupons_iter6.TestCouponValidate" name="test_invalid_code" time="0.465" /><testcase classname="backend.tests.test_coupons_iter6.TestCouponValidate" name="test_expired_coupon" time="0.451" /><testcase classname="backend.tests.test_coupons_iter6.TestCouponValidate" name="test_course_restricted" time="0.473" /><testcase classname="backend.tests.test_coupons_iter6.TestCouponValidate" name="test_max_uses_reached" time="1.624"><failure message="AssertionError: {&quot;detail&quot;:&quot;Razorpay error: Authentication failed&quot;}&#10;assert 400 == 200&#10; +  where 400 = &lt;Response [400]&gt;.status_code">E   AssertionError: {"detail":"Razorpay error: Authentication failed"}
    assert 400 == 200
     +  where 400 = &lt;Response [400]&gt;.status_code</failure></testcase><testcase classname="backend.tests.test_coupons_iter6.TestCouponValidate" name="test_inactive_coupon" time="0.927" /><testcase classname="backend.tests.test_coupons_iter6.TestCheckoutWithCoupon" name="test_checkout_applies_percent_coupon" time="1.184"><failure message="AssertionError: {&quot;detail&quot;:&quot;Razorpay error: Authentication failed&quot;}&#10;assert 400 == 200&#10; +  where 400 = &lt;Response [400]&gt;.status_code">E   AssertionError: {"detail":"Razorpay error: Authentication failed"}
    assert 400 == 200
     +  where 400 = &lt;Response [400]&gt;.status_code</failure></testcase><testcase classname="backend.tests.test_coupons_iter6.TestCheckoutWithCoupon" name="test_checkout_uncouponed_full_price" time="1.195"><failure message="AssertionError: {&quot;detail&quot;:&quot;Razorpay error: Authentication failed&quot;}&#10;assert 400 == 200&#10; +  where 400 = &lt;Response [400]&gt;.status_code">E   AssertionError: {"detail":"Razorpay error: Authentication failed"}
    assert 400 == 200
     +  where 400 = &lt;Response [400]&gt;.status_code</failure></testcase><testcase classname="backend.tests.test_coupons_iter6.TestCheckoutWithCoupon" name="test_checkout_invalid_coupon_400" time="0.478" /><testcase classname="backend.tests.test_coupons_iter6.TestVerifyIncrementsUsedCount" name="test_used_count_increments_by_one" time="1.628"><failure message="AssertionError: {&quot;detail&quot;:&quot;Razorpay error: Authentication failed&quot;}&#10;assert 400 == 200&#10; +  where 400 = &lt;Response [400]&gt;.status_code">E   AssertionError: {"detail":"Razorpay error: Authentication failed"}
    assert 400 == 200
     +  where 400 = &lt;Response [400]&gt;.status_code</failure></testcase><testcase classname="backend.tests.test_coupons_iter6.TestExistingFlowsStillWork" name="test_signature_mismatch_400" time="1.200"><failure message="AssertionError: {&quot;detail&quot;:&quot;Razorpay error: Authentication failed&quot;}&#10;assert 400 == 200&#10; +  where 400 = &lt;Response [400]&gt;.status_code">E   AssertionError: {"detail":"Razorpay error: Authentication failed"}
    assert 400 == 200
     +  where 400 = &lt;Response [400]&gt;.status_code</failure></testcase><testcase classname="backend.tests.test_coupons_iter6.TestExistingFlowsStillWork" name="test_already_enrolled_short_circuits" time="1.220"><failure message="KeyError: 'order_id'">E   KeyError: 'order_id'</failure></testcase><testcase classname="backend.tests.test_webhook_iter7.TestWebhookSignature" name="test_missing_signature_returns_400" time="0.119"><failure message="AssertionError: expected 400, got 503 {&quot;detail&quot;:&quot;Webhook not configured&quot;}&#10;assert 503 == 400&#10; +  where 503 = &lt;Response [503]&gt;.status_code">E   AssertionError: expected 400, got 503 {"detail":"Webhook not configured"}
    assert 503 == 400
     +  where 503 = &lt;Response [503]&gt;.status_code</failure></testcase><testcase classname="backend.tests.test_webhook_iter7.TestWebhookSignature" name="test_invalid_signature_returns_400" time="0.119"><failure message="AssertionError: expected 400, got 503 {&quot;detail&quot;:&quot;Webhook not configured&quot;}&#10;assert 503 == 400&#10; +  where 503 = &lt;Response [503]&gt;.status_code">E   AssertionError: expected 400, got 503 {"detail":"Webhook not configured"}
    assert 503 == 400
     +  where 503 = &lt;Response [503]&gt;.status_code</failure></testcase><testcase classname="backend.tests.test_webhook_iter7.TestWebhookHappyPath" name="test_payment_captured_marks_paid" time="1.190"><failure message="AssertionError: checkout failed: 400 {&quot;detail&quot;:&quot;Razorpay error: Authentication failed&quot;}&#10;assert 400 == 200&#10; +  where 400 = &lt;Response [400]&gt;.status_code">E   AssertionError: checkout failed: 400 {"detail":"Razorpay error: Authentication failed"}
    assert 400 == 200
     +  where 400 = &lt;Response [400]&gt;.status_code</failure></testcase><testcase classname="backend.tests.test_webhook_iter7.TestWebhookHappyPath" name="test_payment_captured_with_coupon_increments_used_count_once" time="1.245"><failure message="AssertionError: checkout failed: 400 {&quot;detail&quot;:&quot;Razorpay error: Authentication failed&quot;}&#10;assert 400 == 200&#10; +  where 400 = &lt;Response [400]&gt;.status_code">E   AssertionError: checkout failed: 400 {"detail":"Razorpay error: Authentication failed"}
    assert 400 == 200
     +  where 400 = &lt;Response [400]&gt;.status_code</failure></testcase><testcase classname="backend.tests.test_webhook_iter7.TestWebhookHappyPath" name="test_replay_is_idempotent" time="0.000"><skipped type="pytest.skip" message="previous test did not stash order id">/app/backend/tests/test_webhook_iter7.py:193: previous test did not stash order id</skipped></testcase><testcase classname="backend.tests.test_webhook_iter7.TestVerifyThenWebhookNoop" name="test_verify_first_then_webhook_no_double_increment" time="1.217"><failure message="AssertionError: checkout failed: 400 {&quot;detail&quot;:&quot;Razorpay error: Authentication failed&quot;}&#10;assert 400 == 200&#10; +  where 400 = &lt;Response [400]&gt;.status_code">E   AssertionError: checkout failed: 400 {"detail":"Razorpay error: Authentication failed"}
    assert 400 == 200
     +  where 400 = &lt;Response [400]&gt;.status_code</failure></testcase><testcase classname="backend.tests.test_webhook_iter7.TestOrderPaidEvent" name="test_order_paid_event_accepted" time="1.172"><failure message="AssertionError: checkout failed: 400 {&quot;detail&quot;:&quot;Razorpay error: Authentication failed&quot;}&#10;assert 400 == 200&#10; +  where 400 = &lt;Response [400]&gt;.status_code">E   AssertionError: checkout failed: 400 {"detail":"Razorpay error: Authentication failed"}
    assert 400 == 200
     +  where 400 = &lt;Response [400]&gt;.status_code</failure></testcase><testcase classname="backend.tests.test_webhook_iter7.TestPaymentFailedEvent" name="test_payment_failed_marks_failed_not_paid" time="1.239"><failure message="AssertionError: checkout failed: 400 {&quot;detail&quot;:&quot;Razorpay error: Authentication failed&quot;}&#10;assert 400 == 200&#10; +  where 400 = &lt;Response [400]&gt;.status_code">E   AssertionError: checkout failed: 400 {"detail":"Razorpay error: Authentication failed"}
    assert 400 == 200
     +  where 400 = &lt;Response [400]&gt;.status_code</failure></testcase><testcase classname="backend.tests.test_webhook_iter7.TestUnknownEventAndOrder" name="test_unknown_event_returns_200" time="0.120"><failure message="AssertionError: unknown event should be 200: 503 {&quot;detail&quot;:&quot;Webhook not configured&quot;}&#10;assert 503 == 200&#10; +  where 503 = &lt;Response [503]&gt;.status_code">E   AssertionError: unknown event should be 200: 503 {"detail":"Webhook not configured"}
    assert 503 == 200
     +  where 503 = &lt;Response [503]&gt;.status_code</failure></testcase><testcase classname="backend.tests.test_webhook_iter7.TestUnknownEventAndOrder" name="test_unknown_order_id_returns_200" time="0.126"><failure message="AssertionError: unknown order should ack 200: 503 {&quot;detail&quot;:&quot;Webhook not configured&quot;}&#10;assert 503 == 200&#10; +  where 503 = &lt;Response [503]&gt;.status_code">E   AssertionError: unknown order should ack 200: 503 {"detail":"Webhook not configured"}
    assert 503 == 200
     +  where 503 = &lt;Response [503]&gt;.status_code</failure></testcase><testcase classname="backend.tests.test_webhook_iter7.TestVerifyRegression" name="test_verify_rejects_bad_signature" time="1.225"><failure message="AssertionError: checkout failed: 400 {&quot;detail&quot;:&quot;Razorpay error: Authentication failed&quot;}&#10;assert 400 == 200&#10; +  where 400 = &lt;Response [400]&gt;.status_code">E   AssertionError: checkout failed: 400 {"detail":"Razorpay error: Authentication failed"}
    assert 400 == 200
     +  where 400 = &lt;Response [400]&gt;.status_code</failure></testcase><testcase classname="backend.tests.test_webhook_iter7.TestVerifyRegression" name="test_verify_accepts_correct_signature" time="1.221"><failure message="AssertionError: checkout failed: 400 {&quot;detail&quot;:&quot;Razorpay error: Authentication failed&quot;}&#10;assert 400 == 200&#10; +  where 400 = &lt;Response [400]&gt;.status_code">E   AssertionError: checkout failed: 400 {"detail":"Razorpay error: Authentication failed"}
    assert 400 == 200
     +  where 400 = &lt;Response [400]&gt;.status_code</failure></testcase><testcase classname="backend.tests.test_webhook_iter7.TestVerifyRegression" name="test_coupons_validate_still_works" time="0.475" /></testsuite></testsuites>