<?xml version="1.0" encoding="utf-8"?><testsuites name="pytest tests"><testsuite name="pytest" errors="0" failures="0" skipped="0" tests="17" time="3.449" timestamp="2026-06-02T19:00:40.774338+00:00" hostname="agent-env-dbd7b163-2f3c-4e5d-a86a-8c53d6d53804"><testcase classname="backend.tests.test_admin_phase2.TestSiteAssets" name="test_site_assets_default" time="0.228" /><testcase classname="backend.tests.test_admin_phase2.TestBookCovers" name="test_books_have_cover_images" time="0.057" /><testcase classname="backend.tests.test_admin_phase2.TestMongoReads" name="test_books_count" time="0.050" /><testcase classname="backend.tests.test_admin_phase2.TestMongoReads" name="test_courses_count" time="0.051" /><testcase classname="backend.tests.test_admin_phase2.TestMongoReads" name="test_blog_count" time="0.056" /><testcase classname="backend.tests.test_admin_phase2.TestAdminAuth" name="test_patch_book_no_token" time="0.116" /><testcase classname="backend.tests.test_admin_phase2.TestAdminAuth" name="test_patch_book_student_token" time="0.346" /><testcase classname="backend.tests.test_admin_phase2.TestAdminBooks" name="test_update_existing_book_and_revert" time="0.507" /><testcase classname="backend.tests.test_admin_phase2.TestAdminBooks" name="test_create_and_delete_book" time="0.221" /><testcase classname="backend.tests.test_admin_phase2.TestAdminBlog" name="test_blog_crud_cycle" time="0.336" /><testcase classname="backend.tests.test_admin_phase2.TestAdminCourses" name="test_course_update_and_revert" time="0.287" /><testcase classname="backend.tests.test_admin_phase2.TestAdminSite" name="test_site_hero_quote_update_revert" time="0.169" /><testcase classname="backend.tests.test_admin_phase2.TestAdminReadOnly" name="test_admin_newsletter_list" time="0.060" /><testcase classname="backend.tests.test_admin_phase2.TestAdminReadOnly" name="test_admin_contacts_list" time="0.055" /><testcase classname="backend.tests.test_admin_phase2.TestAdminReadOnly" name="test_admin_newsletter_forbidden_for_student" time="0.059" /><testcase classname="backend.tests.test_admin_phase2.TestAdminReadOnly" name="test_admin_contacts_forbidden_for_student" time="0.053" /><testcase classname="backend.tests.test_admin_phase2.TestRegression" name="test_register_login_me_enroll" time="0.684" /></testsuite></testsuites>