<?xml version="1.0" encoding="utf-8"?><testsuites name="pytest tests"><testsuite name="pytest" errors="0" failures="0" skipped="0" tests="29" time="3.085" timestamp="2026-06-02T18:40:16.692617+00:00" hostname="agent-env-dbd7b163-2f3c-4e5d-a86a-8c53d6d53804"><testcase classname="backend.tests.test_vishnu_raghav.TestHealth" name="test_root" time="0.237" /><testcase classname="backend.tests.test_vishnu_raghav.TestBooks" name="test_list_books" time="0.054" /><testcase classname="backend.tests.test_vishnu_raghav.TestCourses" name="test_list_courses" time="0.052" /><testcase classname="backend.tests.test_vishnu_raghav.TestCourses" name="test_get_course" time="0.056" /><testcase classname="backend.tests.test_vishnu_raghav.TestCourses" name="test_get_course_404" time="0.052" /><testcase classname="backend.tests.test_vishnu_raghav.TestBlog" name="test_list_blog" time="0.056" /><testcase classname="backend.tests.test_vishnu_raghav.TestBlog" name="test_blog_filter_category" time="0.052" /><testcase classname="backend.tests.test_vishnu_raghav.TestBlog" name="test_blog_search" time="0.047" /><testcase classname="backend.tests.test_vishnu_raghav.TestBlog" name="test_blog_get_single" time="0.048" /><testcase classname="backend.tests.test_vishnu_raghav.TestAuth" name="test_register_and_token" time="0.281" /><testcase classname="backend.tests.test_vishnu_raghav.TestAuth" name="test_register_duplicate" time="0.057" /><testcase classname="backend.tests.test_vishnu_raghav.TestAuth" name="test_login_success" time="0.275" /><testcase classname="backend.tests.test_vishnu_raghav.TestAuth" name="test_login_wrong_password" time="0.275" /><testcase classname="backend.tests.test_vishnu_raghav.TestAuth" name="test_me_with_token" time="0.047" /><testcase classname="backend.tests.test_vishnu_raghav.TestAuth" name="test_me_without_token" time="0.109" /><testcase classname="backend.tests.test_vishnu_raghav.TestAuth" name="test_profile_update" time="0.052" /><testcase classname="backend.tests.test_vishnu_raghav.TestEnrollment" name="test_access_before_enroll" time="0.052" /><testcase classname="backend.tests.test_vishnu_raghav.TestEnrollment" name="test_checkout_mock" time="0.056" /><testcase classname="backend.tests.test_vishnu_raghav.TestEnrollment" name="test_access_after_enroll" time="0.047" /><testcase classname="backend.tests.test_vishnu_raghav.TestEnrollment" name="test_my_enrollments" time="0.051" /><testcase classname="backend.tests.test_vishnu_raghav.TestEnrollment" name="test_checkout_already_enrolled" time="0.054" /><testcase classname="backend.tests.test_vishnu_raghav.TestEnrollment" name="test_progress_update" time="0.164" /><testcase classname="backend.tests.test_vishnu_raghav.TestNewsletterContact" name="test_newsletter_subscribe" time="0.141" /><testcase classname="backend.tests.test_vishnu_raghav.TestNewsletterContact" name="test_contact" time="0.073" /><testcase classname="backend.tests.test_vishnu_raghav.TestAdmin" name="test_admin_login" time="0.275" /><testcase classname="backend.tests.test_vishnu_raghav.TestAdmin" name="test_admin_stats" time="0.056" /><testcase classname="backend.tests.test_vishnu_raghav.TestAdmin" name="test_admin_users" time="0.050" /><testcase classname="backend.tests.test_vishnu_raghav.TestAdmin" name="test_admin_enrollments" time="0.060" /><testcase classname="backend.tests.test_vishnu_raghav.TestAdmin" name="test_admin_forbidden_for_student" time="0.071" /></testsuite></testsuites>